[debug] [2018-07-09T07:18:33.176Z] ----------------------------------------------------------------------
[debug] [2018-07-09T07:18:33.179Z] Command:       /usr/local/Cellar/node/8.5.0/bin/node /usr/local/bin/firebase deploy
[debug] [2018-07-09T07:18:33.179Z] CLI Version:   3.12.0
[debug] [2018-07-09T07:18:33.179Z] Platform:      darwin
[debug] [2018-07-09T07:18:33.179Z] Node Version:  v8.5.0
[debug] [2018-07-09T07:18:33.180Z] Time:          Mon Jul 09 2018 14:18:33 GMT+0700 (+07)
[debug] [2018-07-09T07:18:33.180Z] ----------------------------------------------------------------------
[debug] 
[debug] [2018-07-09T07:18:33.202Z] > command requires scopes: ["email","openid","https://www.googleapis.com/auth/cloudplatformprojects.readonly","https://www.googleapis.com/auth/firebase","https://www.googleapis.com/auth/cloud-platform"]
[debug] [2018-07-09T07:18:33.202Z] > authorizing via signed-in user
[debug] [2018-07-09T07:18:33.204Z] > refreshing access token with scopes: ["email","https://www.googleapis.com/auth/cloud-platform","https://www.googleapis.com/auth/cloudplatformprojects.readonly","https://www.googleapis.com/auth/firebase","openid"]
[debug] [2018-07-09T07:18:33.204Z] >>> HTTP REQUEST POST https://www.googleapis.com/oauth2/v3/token { refresh_token: '1/RTimPfD56pVWrlzZffsQQxKBZdMAhWl6EPdLYkl1R9g',
  client_id: '563584335869-fgrhgmd47bqnekij5i8b5pr03ho849e6.apps.googleusercontent.com',
  client_secret: 'j9iVZfS8kkCEFUPaAeJV0sAi',
  grant_type: 'refresh_token',
  scope: 'email https://www.googleapis.com/auth/cloud-platform https://www.googleapis.com/auth/cloudplatformprojects.readonly https://www.googleapis.com/auth/firebase openid' } 
 Mon Jul 09 2018 14:18:33 GMT+0700 (+07)
[debug] [2018-07-09T07:18:33.524Z] <<< HTTP RESPONSE 200
[debug] [2018-07-09T07:18:33.532Z] >>> HTTP REQUEST GET https://admin.firebase.com/v1/projects/megacoming-f0128  
 Mon Jul 09 2018 14:18:33 GMT+0700 (+07)
[debug] [2018-07-09T07:18:34.619Z] <<< HTTP RESPONSE 200
[debug] [2018-07-09T07:18:34.619Z] >>> HTTP REQUEST GET https://admin.firebase.com/v1/database/megacoming-f0128/tokens  
 Mon Jul 09 2018 14:18:34 GMT+0700 (+07)
[debug] [2018-07-09T07:18:35.365Z] <<< HTTP RESPONSE 200
[info] 
[info] === Deploying to 'megacoming-f0128'...
[info] 
[info] i  deploying database, storage, functions, hosting
[info] ✔  database: rules ready to deploy.
[info] i  storage: checking rules for compilation errors...
[debug] [2018-07-09T07:18:36.533Z] >>> HTTP REQUEST POST https://firebaserules.googleapis.com/v1/projects/megacoming-f0128:test { source: { files: [ [Object] ] } } 
 Mon Jul 09 2018 14:18:36 GMT+0700 (+07)
[debug] [2018-07-09T07:18:37.868Z] <<< HTTP RESPONSE 200
[info] ✔  storage: rules file compiled successfully
[debug] [2018-07-09T07:18:37.872Z] > [functions] package.json contents: {
  "name": "functions",
  "description": "Cloud Functions for Firebase",
  "scripts": {
    "lint": "eslint .",
    "serve": "firebase serve --only functions",
    "shell": "firebase functions:shell",
    "start": "npm run shell",
    "deploy": "firebase deploy --only functions",
    "logs": "firebase functions:log"
  },
  "dependencies": {
    "firebase-admin": "~5.12.0",
    "firebase-functions": "^1.0.1"
  },
  "devDependencies": {
    "eslint": "^4.12.0",
    "eslint-plugin-promise": "^3.6.0"
  },
  "private": true
}
[info] i  functions: ensuring necessary APIs are enabled...
[info] i  runtimeconfig: ensuring necessary APIs are enabled...
[debug] [2018-07-09T07:18:37.874Z] >>> HTTP REQUEST GET https://servicemanagement.googleapis.com/v1/services/cloudfunctions.googleapis.com/projectSettings/megacoming-f0128?view=CONSUMER_VIEW  
 Mon Jul 09 2018 14:18:37 GMT+0700 (+07)
[debug] [2018-07-09T07:18:37.874Z] >>> HTTP REQUEST GET https://servicemanagement.googleapis.com/v1/services/runtimeconfig.googleapis.com/projectSettings/megacoming-f0128?view=CONSUMER_VIEW  
 Mon Jul 09 2018 14:18:37 GMT+0700 (+07)
[debug] [2018-07-09T07:18:39.628Z] <<< HTTP RESPONSE 200
[info] ✔  functions: all necessary APIs are enabled
[debug] [2018-07-09T07:18:39.640Z] <<< HTTP RESPONSE 200
[info] ✔  runtimeconfig: all necessary APIs are enabled
[debug] [2018-07-09T07:18:39.642Z] >>> HTTP REQUEST GET https://appengine.googleapis.com/v1/apps/megacoming-f0128  
 Mon Jul 09 2018 14:18:39 GMT+0700 (+07)
[debug] [2018-07-09T07:18:39.643Z] >>> HTTP REQUEST GET https://apikeys.googleapis.com/v1/projects/megacoming-f0128/apiKeys  
 Mon Jul 09 2018 14:18:39 GMT+0700 (+07)
[debug] [2018-07-09T07:18:41.058Z] <<< HTTP RESPONSE 200
[debug] [2018-07-09T07:18:41.118Z] <<< HTTP RESPONSE 200
[info] i  functions: preparing functions directory for uploading...
[debug] [2018-07-09T07:18:50.142Z] >>> HTTP REQUEST GET https://runtimeconfig.googleapis.com/v1beta1/projects/megacoming-f0128/configs  
 Mon Jul 09 2018 14:18:50 GMT+0700 (+07)
[debug] [2018-07-09T07:18:51.604Z] <<< HTTP RESPONSE 200
[info] i  hosting: preparing public directory for upload...
[debug] [2018-07-09T07:18:51.933Z] >>> HTTP REQUEST PUT https://deploy.firebase.com/v1/hosting/megacoming-f0128/uploads/-LGxu0lqSJd3MYxgNh3q?fileCount=2&message=  
 Mon Jul 09 2018 14:18:51 GMT+0700 (+07)
[debug] [2018-07-09T07:18:53.012Z] <<< HTTP RESPONSE 200
[debug] [2018-07-09T07:18:53.013Z] [hosting] .tgz uploaded successfully, waiting for extraction
[info] ✔  hosting: 2 files uploaded successfully
[info] i  starting release process (may take several minutes)...
[debug] [2018-07-09T07:18:53.772Z] >>> HTTP REQUEST GET https://cloudfunctions.googleapis.com/v1beta2/projects/megacoming-f0128/locations/us-central1/functions  
 Mon Jul 09 2018 14:18:53 GMT+0700 (+07)
[debug] [2018-07-09T07:18:54.217Z] <<< HTTP RESPONSE 200
[debug] [2018-07-09T07:18:54.221Z] >>> HTTP REQUEST GET https://cloudfunctions.googleapis.com/v1beta2/projects/megacoming-f0128/locations/us-central1/functions  
 Mon Jul 09 2018 14:18:54 GMT+0700 (+07)
[debug] [2018-07-09T07:18:54.715Z] <<< HTTP RESPONSE 200
[debug] [2018-07-09T07:18:54.724Z] >>> HTTP REQUEST POST https://deploy.firebase.com/v1/projects/megacoming-f0128/releases { database: { rulesString: '{\n  "rules": {\n    ".read": "auth != null",\n    ".write": "auth != null"\n  }\n}' },
  storage: { rules: [ [Object] ] },
  hosting: 
   { public: 'public',
     ignore: [ 'firebase.json', '**/.*', '**/node_modules/**' ],
     rewrites: [ [Object] ],
     version: '-LGxu0lqSJd3MYxgNh3q',
     prefix: '-LGxu0lqSJd3MYxgNh3q/',
     manifest: [] } } 
 Mon Jul 09 2018 14:18:54 GMT+0700 (+07)
[debug] [2018-07-09T07:20:33.470Z] <<< HTTP RESPONSE 502
[debug] [2018-07-09T07:20:33.470Z] <<< HTTP RESPONSE BODY <html>
<head><title>502 Bad Gateway</title></head>
<body bgcolor="white">
<center><h1>502 Bad Gateway</h1></center>
<hr><center>nginx</center>
</body>
</html>

[debug] [2018-07-09T07:20:33.471Z] TypeError: Cannot create property 'error' on string '<html>
<head><title>502 Bad Gateway</title></head>
<body bgcolor="white">
<center><h1>502 Bad Gateway</h1></center>
<hr><center>nginx</center>
</body>
</html>
'
    at module.exports (/usr/local/lib/node_modules/firebase-tools/lib/responseToError.js:11:16)
    at Request._callback (/usr/local/lib/node_modules/firebase-tools/lib/api.js:43:25)
    at Request.self.callback (/usr/local/lib/node_modules/firebase-tools/node_modules/request/request.js:188:22)
    at emitTwo (events.js:125:13)
    at Request.emit (events.js:213:7)
    at Request.<anonymous> (/usr/local/lib/node_modules/firebase-tools/node_modules/request/request.js:1171:10)
    at emitOne (events.js:115:13)
    at Request.emit (events.js:210:7)
    at IncomingMessage.<anonymous> (/usr/local/lib/node_modules/firebase-tools/node_modules/request/request.js:1091:12)
    at Object.onceWrapper (events.js:314:30)
[error] 
[error] Error: An unexpected error has occurred.
